<?xml version="1.0" encoding="UTF-8"?>
<!-- Generated by org.testng.reporters.JUnitXMLReporter -->
<testsuite ignored="0" hostname="BDC7-L-72000NF" failures="0" tests="6" name="DemoTest" time="203.47" errors="0" timestamp="2020-02-09T12:43:46 IST">
  <testcase classname="com.airbus.testcases.LoginPageTest" name="HomePagevalidationTest" time="0.169"/>
  <testcase classname="com.airbus.testcases.LoginPageTest" name="LoginPagetitleTest" time="0.063"/>
  <testcase classname="com.airbus.testcases.LoginPageTest" name="LoginTest" time="11.732"/>
  <testcase classname="com.airbus.testcases.HomePageTest" name="DemoulinkTest" time="0.094"/>
  <testcase classname="com.airbus.testcases.HomePageTest" name="HomePagetitleTest" time="0.029"/>
  <testcase classname="com.airbus.testcases.HomePageTest" name="InputFormNavigationTest" time="0.113"/>
</testsuite> <!-- DemoTest -->
